26 дек. 2022 14:59:48,583 ERROR SchedulerLogger - SERVER STOPPING, all scheduled tasks will be interrupted
26 дек. 2022 15:07:13,633 ERROR SchedulerLogger - SERVER STOPPING, all scheduled tasks will be interrupted
26 дек. 2022 15:07:28,415 ERROR SchedulerLogger - SERVER STOPPING, all scheduled tasks will be interrupted
26 дек. 2022 15:08:10,706 ERROR SchedulerLogger - SERVER STOPPING, all scheduled tasks will be interrupted
26 дек. 2022 15:10:20,307 ERROR SchedulerLogger - SERVER STOPPING, all scheduled tasks will be interrupted
26 дек. 2022 20:41:06,243 ERROR SchedulerLogger - SERVER STOPPING, all scheduled tasks will be interrupted
26 дек. 2022 21:28:27,026 ERROR SchedulerLogger - SERVER STOPPING, all scheduled tasks will be interrupted
26 дек. 2022 21:46:05,102 ERROR SchedulerLogger - SERVER STOPPING, all scheduled tasks will be interrupted
26 дек. 2022 21:48:53,623 ERROR SchedulerLogger - SERVER STOPPING, all scheduled tasks will be interrupted
26 дек. 2022 22:12:44,851 ERROR SchedulerLogger - SERVER STOPPING, all scheduled tasks will be interrupted
27 дек. 2022 08:27:14,642 ERROR SchedulerLogger - SERVER STOPPING, all scheduled tasks will be interrupted
27 дек. 2022 08:41:52,543 ERROR SchedulerLogger - SERVER STOPPING, all scheduled tasks will be interrupted
27 дек. 2022 09:09:48,364 ERROR SchedulerLogger - SERVER STOPPING, all scheduled tasks will be interrupted
27 дек. 2022 09:14:56,387 ERROR SchedulerLogger - SERVER STOPPING, all scheduled tasks will be interrupted
27 дек. 2022 09:20:08,098 ERROR SchedulerLogger - SERVER STOPPING, all scheduled tasks will be interrupted
27 дек. 2022 09:27:50,983 ERROR SchedulerLogger - SERVER STOPPING, all scheduled tasks will be interrupted
27 дек. 2022 10:34:41,050 ERROR SchedulerLogger - SERVER STOPPING, all scheduled tasks will be interrupted
27 дек. 2022 10:35:01,954 ERROR SchedulerLogger - SERVER STOPPING, all scheduled tasks will be interrupted
27 дек. 2022 10:38:45,008  INFO SchedulerLogger - Started running scheduler task - Changing current date
27 дек. 2022 10:38:45,008  INFO SchedulerLogger - Started running scheduler task - Changing current dateTime
27 дек. 2022 10:38:45,055  INFO SchedulerLogger - Finished running scheduler task - Changing current date
27 дек. 2022 10:38:45,107  INFO SchedulerLogger - Finished running scheduler task - Changing current dateTime
27 дек. 2022 10:39:15,019  INFO SchedulerLogger - Started running scheduler task - Changing current date
27 дек. 2022 10:39:15,024  INFO SchedulerLogger - Finished running scheduler task - Changing current date
27 дек. 2022 10:39:45,035  INFO SchedulerLogger - Started running scheduler task - Changing current date
27 дек. 2022 10:39:45,039  INFO SchedulerLogger - Finished running scheduler task - Changing current date
27 дек. 2022 10:40:15,042  INFO SchedulerLogger - Started running scheduler task - Changing current date
27 дек. 2022 10:40:15,046  INFO SchedulerLogger - Finished running scheduler task - Changing current date
27 дек. 2022 10:40:45,053  INFO SchedulerLogger - Started running scheduler task - Changing current date
27 дек. 2022 10:40:45,057  INFO SchedulerLogger - Finished running scheduler task - Changing current date
27 дек. 2022 10:41:15,062  INFO SchedulerLogger - Started running scheduler task - Changing current date
27 дек. 2022 10:41:15,064  INFO SchedulerLogger - Finished running scheduler task - Changing current date
27 дек. 2022 10:41:45,065  INFO SchedulerLogger - Started running scheduler task - Changing current date
27 дек. 2022 10:41:45,068  INFO SchedulerLogger - Finished running scheduler task - Changing current date
27 дек. 2022 10:42:15,071  INFO SchedulerLogger - Started running scheduler task - Changing current date
27 дек. 2022 10:42:15,074  INFO SchedulerLogger - Finished running scheduler task - Changing current date
27 дек. 2022 10:42:45,094  INFO SchedulerLogger - Started running scheduler task - Changing current date
27 дек. 2022 10:42:45,097  INFO SchedulerLogger - Finished running scheduler task - Changing current date
27 дек. 2022 10:43:15,111  INFO SchedulerLogger - Started running scheduler task - Changing current date
27 дек. 2022 10:43:15,114  INFO SchedulerLogger - Finished running scheduler task - Changing current date
27 дек. 2022 10:43:45,126  INFO SchedulerLogger - Started running scheduler task - Changing current date
27 дек. 2022 10:43:45,129  INFO SchedulerLogger - Finished running scheduler task - Changing current date
27 дек. 2022 10:44:15,134  INFO SchedulerLogger - Started running scheduler task - Changing current date
27 дек. 2022 10:44:15,137  INFO SchedulerLogger - Finished running scheduler task - Changing current date
27 дек. 2022 10:44:45,143  INFO SchedulerLogger - Started running scheduler task - Changing current date
27 дек. 2022 10:44:45,146  INFO SchedulerLogger - Finished running scheduler task - Changing current date
27 дек. 2022 10:45:15,155  INFO SchedulerLogger - Started running scheduler task - Changing current date
27 дек. 2022 10:45:15,158  INFO SchedulerLogger - Finished running scheduler task - Changing current date
27 дек. 2022 10:45:45,172  INFO SchedulerLogger - Started running scheduler task - Changing current date
27 дек. 2022 10:45:45,175  INFO SchedulerLogger - Finished running scheduler task - Changing current date
27 дек. 2022 10:46:15,188  INFO SchedulerLogger - Started running scheduler task - Changing current date
27 дек. 2022 10:46:15,190  INFO SchedulerLogger - Finished running scheduler task - Changing current date
27 дек. 2022 10:46:45,191  INFO SchedulerLogger - Started running scheduler task - Changing current date
27 дек. 2022 10:46:45,193  INFO SchedulerLogger - Finished running scheduler task - Changing current date
27 дек. 2022 10:47:15,199  INFO SchedulerLogger - Started running scheduler task - Changing current date
27 дек. 2022 10:47:15,201  INFO SchedulerLogger - Finished running scheduler task - Changing current date
27 дек. 2022 10:47:45,211  INFO SchedulerLogger - Started running scheduler task - Changing current date
27 дек. 2022 10:47:45,215  INFO SchedulerLogger - Finished running scheduler task - Changing current date
27 дек. 2022 10:48:15,216  INFO SchedulerLogger - Started running scheduler task - Changing current date
27 дек. 2022 10:48:15,219  INFO SchedulerLogger - Finished running scheduler task - Changing current date
27 дек. 2022 10:48:45,227  INFO SchedulerLogger - Started running scheduler task - Changing current date
27 дек. 2022 10:48:45,231  INFO SchedulerLogger - Finished running scheduler task - Changing current date
27 дек. 2022 10:49:15,239  INFO SchedulerLogger - Started running scheduler task - Changing current date
27 дек. 2022 10:49:15,241  INFO SchedulerLogger - Finished running scheduler task - Changing current date
27 дек. 2022 10:49:45,252  INFO SchedulerLogger - Started running scheduler task - Changing current date
27 дек. 2022 10:49:45,254  INFO SchedulerLogger - Finished running scheduler task - Changing current date
27 дек. 2022 10:50:15,259  INFO SchedulerLogger - Started running scheduler task - Changing current date
27 дек. 2022 10:50:15,261  INFO SchedulerLogger - Finished running scheduler task - Changing current date
27 дек. 2022 10:50:45,273  INFO SchedulerLogger - Started running scheduler task - Changing current date
27 дек. 2022 10:50:45,275  INFO SchedulerLogger - Finished running scheduler task - Changing current date
27 дек. 2022 10:51:15,277  INFO SchedulerLogger - Started running scheduler task - Changing current date
27 дек. 2022 10:51:15,281  INFO SchedulerLogger - Finished running scheduler task - Changing current date
27 дек. 2022 10:51:45,296  INFO SchedulerLogger - Started running scheduler task - Changing current date
27 дек. 2022 10:51:45,299  INFO SchedulerLogger - Finished running scheduler task - Changing current date
27 дек. 2022 10:52:15,304  INFO SchedulerLogger - Started running scheduler task - Changing current date
27 дек. 2022 10:52:15,306  INFO SchedulerLogger - Finished running scheduler task - Changing current date
27 дек. 2022 10:52:45,313  INFO SchedulerLogger - Started running scheduler task - Changing current date
27 дек. 2022 10:52:45,315  INFO SchedulerLogger - Finished running scheduler task - Changing current date
27 дек. 2022 10:53:15,330  INFO SchedulerLogger - Started running scheduler task - Changing current date
27 дек. 2022 10:53:15,332  INFO SchedulerLogger - Finished running scheduler task - Changing current date
27 дек. 2022 10:53:45,340  INFO SchedulerLogger - Started running scheduler task - Changing current date
27 дек. 2022 10:53:45,343  INFO SchedulerLogger - Finished running scheduler task - Changing current date
27 дек. 2022 10:54:15,344  INFO SchedulerLogger - Started running scheduler task - Changing current date
27 дек. 2022 10:54:15,347  INFO SchedulerLogger - Finished running scheduler task - Changing current date
27 дек. 2022 10:54:45,361  INFO SchedulerLogger - Started running scheduler task - Changing current date
27 дек. 2022 10:54:45,364  INFO SchedulerLogger - Finished running scheduler task - Changing current date
27 дек. 2022 10:55:15,366  INFO SchedulerLogger - Started running scheduler task - Changing current date
27 дек. 2022 10:55:15,369  INFO SchedulerLogger - Finished running scheduler task - Changing current date
27 дек. 2022 10:55:45,380  INFO SchedulerLogger - Started running scheduler task - Changing current date
27 дек. 2022 10:55:45,383  INFO SchedulerLogger - Finished running scheduler task - Changing current date
27 дек. 2022 10:56:15,393  INFO SchedulerLogger - Started running scheduler task - Changing current date
27 дек. 2022 10:56:15,397  INFO SchedulerLogger - Finished running scheduler task - Changing current date
27 дек. 2022 10:56:45,412  INFO SchedulerLogger - Started running scheduler task - Changing current date
27 дек. 2022 10:56:45,416  INFO SchedulerLogger - Finished running scheduler task - Changing current date
27 дек. 2022 10:57:15,427  INFO SchedulerLogger - Started running scheduler task - Changing current date
27 дек. 2022 10:57:15,430  INFO SchedulerLogger - Finished running scheduler task - Changing current date
27 дек. 2022 10:57:45,439  INFO SchedulerLogger - Started running scheduler task - Changing current date
27 дек. 2022 10:57:45,444  INFO SchedulerLogger - Finished running scheduler task - Changing current date
27 дек. 2022 10:58:15,452  INFO SchedulerLogger - Started running scheduler task - Changing current date
27 дек. 2022 10:58:15,456  INFO SchedulerLogger - Finished running scheduler task - Changing current date
27 дек. 2022 10:58:45,464  INFO SchedulerLogger - Started running scheduler task - Changing current date
27 дек. 2022 10:58:45,467  INFO SchedulerLogger - Finished running scheduler task - Changing current date
27 дек. 2022 10:59:15,475  INFO SchedulerLogger - Started running scheduler task - Changing current date
27 дек. 2022 10:59:15,479  INFO SchedulerLogger - Finished running scheduler task - Changing current date
27 дек. 2022 10:59:45,483  INFO SchedulerLogger - Started running scheduler task - Changing current date
27 дек. 2022 10:59:45,486  INFO SchedulerLogger - Finished running scheduler task - Changing current date
27 дек. 2022 11:00:15,494  INFO SchedulerLogger - Started running scheduler task - Changing current date
27 дек. 2022 11:00:15,498  INFO SchedulerLogger - Finished running scheduler task - Changing current date
27 дек. 2022 11:00:45,508  INFO SchedulerLogger - Started running scheduler task - Changing current date
27 дек. 2022 11:00:45,511  INFO SchedulerLogger - Finished running scheduler task - Changing current date
27 дек. 2022 11:01:15,518  INFO SchedulerLogger - Started running scheduler task - Changing current date
27 дек. 2022 11:01:15,521  INFO SchedulerLogger - Finished running scheduler task - Changing current date
27 дек. 2022 11:01:45,529  INFO SchedulerLogger - Started running scheduler task - Changing current date
27 дек. 2022 11:01:45,531  INFO SchedulerLogger - Finished running scheduler task - Changing current date
27 дек. 2022 11:02:15,539  INFO SchedulerLogger - Started running scheduler task - Changing current date
27 дек. 2022 11:02:15,541  INFO SchedulerLogger - Finished running scheduler task - Changing current date
27 дек. 2022 11:02:45,542  INFO SchedulerLogger - Started running scheduler task - Changing current date
27 дек. 2022 11:02:45,544  INFO SchedulerLogger - Finished running scheduler task - Changing current date
27 дек. 2022 11:49:34,139  INFO SchedulerLogger - Started running scheduler task - Changing current date
27 дек. 2022 11:49:34,139  INFO SchedulerLogger - Started running scheduler task - Changing current dateTime
27 дек. 2022 11:49:34,142  INFO SchedulerLogger - Finished running scheduler task - Changing current date
27 дек. 2022 11:49:34,160  INFO SchedulerLogger - Finished running scheduler task - Changing current dateTime
27 дек. 2022 11:50:04,147  INFO SchedulerLogger - Started running scheduler task - Changing current date
27 дек. 2022 11:50:04,148  INFO SchedulerLogger - Finished running scheduler task - Changing current date
27 дек. 2022 11:50:34,151  INFO SchedulerLogger - Started running scheduler task - Changing current date
27 дек. 2022 11:50:34,153  INFO SchedulerLogger - Finished running scheduler task - Changing current date
27 дек. 2022 11:51:04,168  INFO SchedulerLogger - Started running scheduler task - Changing current date
27 дек. 2022 11:51:04,170  INFO SchedulerLogger - Finished running scheduler task - Changing current date
27 дек. 2022 11:51:34,181  INFO SchedulerLogger - Started running scheduler task - Changing current date
27 дек. 2022 11:51:34,183  INFO SchedulerLogger - Finished running scheduler task - Changing current date
27 дек. 2022 11:52:04,190  INFO SchedulerLogger - Started running scheduler task - Changing current date
27 дек. 2022 11:52:04,193  INFO SchedulerLogger - Finished running scheduler task - Changing current date
27 дек. 2022 11:52:34,203  INFO SchedulerLogger - Started running scheduler task - Changing current date
27 дек. 2022 11:52:34,206  INFO SchedulerLogger - Finished running scheduler task - Changing current date
27 дек. 2022 11:53:04,219  INFO SchedulerLogger - Started running scheduler task - Changing current date
27 дек. 2022 11:53:04,221  INFO SchedulerLogger - Finished running scheduler task - Changing current date
27 дек. 2022 11:53:34,222  INFO SchedulerLogger - Started running scheduler task - Changing current date
27 дек. 2022 11:53:34,224  INFO SchedulerLogger - Finished running scheduler task - Changing current date
27 дек. 2022 11:54:04,231  INFO SchedulerLogger - Started running scheduler task - Changing current date
27 дек. 2022 11:54:04,233  INFO SchedulerLogger - Finished running scheduler task - Changing current date
27 дек. 2022 11:54:34,242  INFO SchedulerLogger - Started running scheduler task - Changing current date
27 дек. 2022 11:54:34,245  INFO SchedulerLogger - Finished running scheduler task - Changing current date
27 дек. 2022 11:55:04,254  INFO SchedulerLogger - Started running scheduler task - Changing current date
27 дек. 2022 11:55:04,256  INFO SchedulerLogger - Finished running scheduler task - Changing current date
27 дек. 2022 11:55:34,264  INFO SchedulerLogger - Started running scheduler task - Changing current date
27 дек. 2022 11:55:34,267  INFO SchedulerLogger - Finished running scheduler task - Changing current date
27 дек. 2022 11:56:04,277  INFO SchedulerLogger - Started running scheduler task - Changing current date
27 дек. 2022 11:56:04,279  INFO SchedulerLogger - Finished running scheduler task - Changing current date
27 дек. 2022 11:56:34,281  INFO SchedulerLogger - Started running scheduler task - Changing current date
27 дек. 2022 11:56:34,284  INFO SchedulerLogger - Finished running scheduler task - Changing current date
27 дек. 2022 11:57:04,290  INFO SchedulerLogger - Started running scheduler task - Changing current date
27 дек. 2022 11:57:04,292  INFO SchedulerLogger - Finished running scheduler task - Changing current date
27 дек. 2022 11:57:34,306  INFO SchedulerLogger - Started running scheduler task - Changing current date
27 дек. 2022 11:57:34,308  INFO SchedulerLogger - Finished running scheduler task - Changing current date
27 дек. 2022 11:58:04,320  INFO SchedulerLogger - Started running scheduler task - Changing current date
27 дек. 2022 11:58:04,322  INFO SchedulerLogger - Finished running scheduler task - Changing current date
27 дек. 2022 11:58:34,333  INFO SchedulerLogger - Started running scheduler task - Changing current date
27 дек. 2022 11:58:34,335  INFO SchedulerLogger - Finished running scheduler task - Changing current date
27 дек. 2022 11:59:04,337  INFO SchedulerLogger - Started running scheduler task - Changing current date
27 дек. 2022 11:59:04,339  INFO SchedulerLogger - Finished running scheduler task - Changing current date
27 дек. 2022 11:59:34,339  INFO SchedulerLogger - Started running scheduler task - Changing current date
27 дек. 2022 11:59:34,342  INFO SchedulerLogger - Finished running scheduler task - Changing current date
27 дек. 2022 12:00:04,355  INFO SchedulerLogger - Started running scheduler task - Changing current date
27 дек. 2022 12:00:04,357  INFO SchedulerLogger - Finished running scheduler task - Changing current date
27 дек. 2022 12:00:34,358  INFO SchedulerLogger - Started running scheduler task - Changing current date
27 дек. 2022 12:00:34,360  INFO SchedulerLogger - Finished running scheduler task - Changing current date
27 дек. 2022 12:01:04,363  INFO SchedulerLogger - Started running scheduler task - Changing current date
27 дек. 2022 12:01:04,366  INFO SchedulerLogger - Finished running scheduler task - Changing current date
27 дек. 2022 12:01:34,376  INFO SchedulerLogger - Started running scheduler task - Changing current date
27 дек. 2022 12:01:34,378  INFO SchedulerLogger - Finished running scheduler task - Changing current date
27 дек. 2022 12:02:04,389  INFO SchedulerLogger - Started running scheduler task - Changing current date
27 дек. 2022 12:02:04,392  INFO SchedulerLogger - Finished running scheduler task - Changing current date
27 дек. 2022 12:02:34,394  INFO SchedulerLogger - Started running scheduler task - Changing current date
27 дек. 2022 12:02:34,396  INFO SchedulerLogger - Finished running scheduler task - Changing current date
27 дек. 2022 12:03:04,398  INFO SchedulerLogger - Started running scheduler task - Changing current date
27 дек. 2022 12:03:04,401  INFO SchedulerLogger - Finished running scheduler task - Changing current date
27 дек. 2022 12:03:34,402  INFO SchedulerLogger - Started running scheduler task - Changing current date
27 дек. 2022 12:03:34,404  INFO SchedulerLogger - Finished running scheduler task - Changing current date
27 дек. 2022 12:04:04,419  INFO SchedulerLogger - Started running scheduler task - Changing current date
27 дек. 2022 12:04:04,421  INFO SchedulerLogger - Finished running scheduler task - Changing current date
27 дек. 2022 12:04:34,434  INFO SchedulerLogger - Started running scheduler task - Changing current date
27 дек. 2022 12:04:34,437  INFO SchedulerLogger - Finished running scheduler task - Changing current date
27 дек. 2022 12:05:04,443  INFO SchedulerLogger - Started running scheduler task - Changing current date
27 дек. 2022 12:05:04,445  INFO SchedulerLogger - Finished running scheduler task - Changing current date
27 дек. 2022 12:05:34,449  INFO SchedulerLogger - Started running scheduler task - Changing current date
27 дек. 2022 12:05:34,451  INFO SchedulerLogger - Finished running scheduler task - Changing current date
27 дек. 2022 12:06:04,453  INFO SchedulerLogger - Started running scheduler task - Changing current date
27 дек. 2022 12:06:04,455  INFO SchedulerLogger - Finished running scheduler task - Changing current date
27 дек. 2022 12:06:34,457  INFO SchedulerLogger - Started running scheduler task - Changing current date
27 дек. 2022 12:06:34,460  INFO SchedulerLogger - Finished running scheduler task - Changing current date
27 дек. 2022 12:07:04,463  INFO SchedulerLogger - Started running scheduler task - Changing current date
27 дек. 2022 12:07:04,466  INFO SchedulerLogger - Finished running scheduler task - Changing current date
27 дек. 2022 12:07:34,466  INFO SchedulerLogger - Started running scheduler task - Changing current date
27 дек. 2022 12:07:34,469  INFO SchedulerLogger - Finished running scheduler task - Changing current date
27 дек. 2022 12:08:04,481  INFO SchedulerLogger - Started running scheduler task - Changing current date
27 дек. 2022 12:08:04,483  INFO SchedulerLogger - Finished running scheduler task - Changing current date
27 дек. 2022 12:08:34,487  INFO SchedulerLogger - Started running scheduler task - Changing current date
27 дек. 2022 12:08:34,489  INFO SchedulerLogger - Finished running scheduler task - Changing current date
27 дек. 2022 12:09:04,502  INFO SchedulerLogger - Started running scheduler task - Changing current date
27 дек. 2022 12:09:04,505  INFO SchedulerLogger - Finished running scheduler task - Changing current date
27 дек. 2022 12:09:34,506  INFO SchedulerLogger - Started running scheduler task - Changing current date
27 дек. 2022 12:09:34,508  INFO SchedulerLogger - Finished running scheduler task - Changing current date
27 дек. 2022 12:10:04,523  INFO SchedulerLogger - Started running scheduler task - Changing current date
27 дек. 2022 12:10:04,525  INFO SchedulerLogger - Finished running scheduler task - Changing current date
27 дек. 2022 12:10:34,537  INFO SchedulerLogger - Started running scheduler task - Changing current date
27 дек. 2022 12:10:34,539  INFO SchedulerLogger - Finished running scheduler task - Changing current date
27 дек. 2022 12:11:04,548  INFO SchedulerLogger - Started running scheduler task - Changing current date
27 дек. 2022 12:11:04,550  INFO SchedulerLogger - Finished running scheduler task - Changing current date
27 дек. 2022 12:11:34,556  INFO SchedulerLogger - Started running scheduler task - Changing current date
27 дек. 2022 12:11:34,558  INFO SchedulerLogger - Finished running scheduler task - Changing current date
27 дек. 2022 12:12:04,561  INFO SchedulerLogger - Started running scheduler task - Changing current date
27 дек. 2022 12:12:04,563  INFO SchedulerLogger - Finished running scheduler task - Changing current date
27 дек. 2022 12:12:34,574  INFO SchedulerLogger - Started running scheduler task - Changing current date
27 дек. 2022 12:12:34,576  INFO SchedulerLogger - Finished running scheduler task - Changing current date
27 дек. 2022 12:13:04,580  INFO SchedulerLogger - Started running scheduler task - Changing current date
27 дек. 2022 12:13:04,582  INFO SchedulerLogger - Finished running scheduler task - Changing current date
27 дек. 2022 12:13:34,593  INFO SchedulerLogger - Started running scheduler task - Changing current date
27 дек. 2022 12:13:34,595  INFO SchedulerLogger - Finished running scheduler task - Changing current date
27 дек. 2022 12:14:04,600  INFO SchedulerLogger - Started running scheduler task - Changing current date
27 дек. 2022 12:14:04,602  INFO SchedulerLogger - Finished running scheduler task - Changing current date
27 дек. 2022 12:14:34,617  INFO SchedulerLogger - Started running scheduler task - Changing current date
27 дек. 2022 12:14:34,619  INFO SchedulerLogger - Finished running scheduler task - Changing current date
27 дек. 2022 12:15:04,626  INFO SchedulerLogger - Started running scheduler task - Changing current date
27 дек. 2022 12:15:04,629  INFO SchedulerLogger - Finished running scheduler task - Changing current date
27 дек. 2022 12:15:34,635  INFO SchedulerLogger - Started running scheduler task - Changing current date
27 дек. 2022 12:15:34,637  INFO SchedulerLogger - Finished running scheduler task - Changing current date
27 дек. 2022 12:16:04,650  INFO SchedulerLogger - Started running scheduler task - Changing current date
27 дек. 2022 12:16:04,651  INFO SchedulerLogger - Finished running scheduler task - Changing current date
27 дек. 2022 12:16:34,660  INFO SchedulerLogger - Started running scheduler task - Changing current date
27 дек. 2022 12:16:34,663  INFO SchedulerLogger - Finished running scheduler task - Changing current date
27 дек. 2022 12:17:04,672  INFO SchedulerLogger - Started running scheduler task - Changing current date
27 дек. 2022 12:17:04,674  INFO SchedulerLogger - Finished running scheduler task - Changing current date
27 дек. 2022 12:17:34,688  INFO SchedulerLogger - Started running scheduler task - Changing current date
27 дек. 2022 12:17:34,690  INFO SchedulerLogger - Finished running scheduler task - Changing current date
27 дек. 2022 12:18:04,692  INFO SchedulerLogger - Started running scheduler task - Changing current date
27 дек. 2022 12:18:04,694  INFO SchedulerLogger - Finished running scheduler task - Changing current date
27 дек. 2022 12:18:34,704  INFO SchedulerLogger - Started running scheduler task - Changing current date
27 дек. 2022 12:18:34,706  INFO SchedulerLogger - Finished running scheduler task - Changing current date
27 дек. 2022 12:19:04,722  INFO SchedulerLogger - Started running scheduler task - Changing current date
27 дек. 2022 12:19:04,724  INFO SchedulerLogger - Finished running scheduler task - Changing current date
