27 дек. 2022 08:27:14,627 ERROR StartLogger - ВАЖНО: пользователь "postgres" не прошёл проверку подлинности (по паролю) (pgjdbc: autodetected server-encoding to be windows-1251, if the message is not readable, please check database logs and/or host, port, dbname, user, password, pg_hba.conf) (host: localhost:5432, user: postgres)
27 дек. 2022 08:27:14,639 ERROR StartLogger - Exception while starting logics instance: 
java.lang.RuntimeException: org.postgresql.util.PSQLException: ВАЖНО: пользователь "postgres" не прошёл проверку подлинности (по паролю) (pgjdbc: autodetected server-encoding to be windows-1251, if the message is not readable, please check database logs and/or host, port, dbname, user, password, pg_hba.conf)
	at lsfusion.server.physics.exec.db.controller.manager.DBManager.initReflectionEvents(DBManager.java:206)
	at lsfusion.server.physics.admin.reflection.controller.init.InitReflectionEventsTask.run(InitReflectionEventsTask.java:13)
	at lsfusion.server.base.task.Task.proceed(Task.java:143)
	at lsfusion.server.base.task.Task$1.aspectRun(Task.java:101)
	at lsfusion.server.base.controller.thread.ExecutorFactory$AspectRunnable.run(ExecutorFactory.java:473)
	at java.base/java.util.concurrent.ThreadPoolExecutor.runWorker(ThreadPoolExecutor.java:1128)
	at java.base/java.util.concurrent.ThreadPoolExecutor$Worker.run(ThreadPoolExecutor.java:628)
	at java.base/java.lang.Thread.run(Thread.java:829)
	at lsfusion.server.base.controller.thread.ExecutorFactory$ClosableDaemonThreadFactory$ClosableThread.run(ExecutorFactory.java:552)
Caused by: org.postgresql.util.PSQLException: ВАЖНО: пользователь "postgres" не прошёл проверку подлинности (по паролю) (pgjdbc: autodetected server-encoding to be windows-1251, if the message is not readable, please check database logs and/or host, port, dbname, user, password, pg_hba.conf)
	at org.postgresql.core.v3.ConnectionFactoryImpl.doAuthentication(ConnectionFactoryImpl.java:520)
	at org.postgresql.core.v3.ConnectionFactoryImpl.tryConnect(ConnectionFactoryImpl.java:141)
	at org.postgresql.core.v3.ConnectionFactoryImpl.openConnectionImpl(ConnectionFactoryImpl.java:192)
	at org.postgresql.core.ConnectionFactory.openConnection(ConnectionFactory.java:49)
	at org.postgresql.jdbc.PgConnection.<init>(PgConnection.java:195)
	at org.postgresql.Driver.makeConnection(Driver.java:458)
	at org.postgresql.Driver.connect(Driver.java:260)
	at java.sql/java.sql.DriverManager.getConnection(DriverManager.java:677)
	at java.sql/java.sql.DriverManager.getConnection(DriverManager.java:251)
	at lsfusion.server.data.sql.adapter.PostgreDataAdapter.ensureDB(PostgreDataAdapter.java:74)
	at lsfusion.server.data.sql.adapter.DataAdapter.ensure(DataAdapter.java:68)
	at lsfusion.server.physics.exec.db.controller.manager.DBManager.initReflectionEvents(DBManager.java:194)
	... 8 more
27 дек. 2022 08:41:52,534 ERROR StartLogger - Exception while starting logics instance: 
java.lang.RuntimeException: java.sql.SQLException: No suitable driver found for jdbc:postgresql://h2:mem:ewm/postgres?user=postgres&password=postgres
	at lsfusion.server.physics.exec.db.controller.manager.DBManager.initReflectionEvents(DBManager.java:206)
	at lsfusion.server.physics.admin.reflection.controller.init.InitReflectionEventsTask.run(InitReflectionEventsTask.java:13)
	at lsfusion.server.base.task.Task.proceed(Task.java:143)
	at lsfusion.server.base.task.Task$1.aspectRun(Task.java:101)
	at lsfusion.server.base.controller.thread.ExecutorFactory$AspectRunnable.run(ExecutorFactory.java:473)
	at java.base/java.util.concurrent.ThreadPoolExecutor.runWorker(ThreadPoolExecutor.java:1128)
	at java.base/java.util.concurrent.ThreadPoolExecutor$Worker.run(ThreadPoolExecutor.java:628)
	at java.base/java.lang.Thread.run(Thread.java:829)
	at lsfusion.server.base.controller.thread.ExecutorFactory$ClosableDaemonThreadFactory$ClosableThread.run(ExecutorFactory.java:552)
Caused by: java.sql.SQLException: No suitable driver found for jdbc:postgresql://h2:mem:ewm/postgres?user=postgres&password=postgres
	at java.sql/java.sql.DriverManager.getConnection(DriverManager.java:702)
	at java.sql/java.sql.DriverManager.getConnection(DriverManager.java:251)
	at lsfusion.server.data.sql.adapter.PostgreDataAdapter.ensureDB(PostgreDataAdapter.java:74)
	at lsfusion.server.data.sql.adapter.DataAdapter.ensure(DataAdapter.java:68)
	at lsfusion.server.physics.exec.db.controller.manager.DBManager.initReflectionEvents(DBManager.java:194)
	... 8 more
27 дек. 2022 09:09:48,350 ERROR StartLogger - ВАЖНО: пользователь "postgres" не прошёл проверку подлинности (по паролю) (pgjdbc: autodetected server-encoding to be windows-1251, if the message is not readable, please check database logs and/or host, port, dbname, user, password, pg_hba.conf) (host: localhost:5432, user: postgres)
27 дек. 2022 09:09:48,361 ERROR StartLogger - Exception while starting logics instance: 
java.lang.RuntimeException: org.postgresql.util.PSQLException: ВАЖНО: пользователь "postgres" не прошёл проверку подлинности (по паролю) (pgjdbc: autodetected server-encoding to be windows-1251, if the message is not readable, please check database logs and/or host, port, dbname, user, password, pg_hba.conf)
	at lsfusion.server.physics.exec.db.controller.manager.DBManager.initReflectionEvents(DBManager.java:206)
	at lsfusion.server.physics.admin.reflection.controller.init.InitReflectionEventsTask.run(InitReflectionEventsTask.java:13)
	at lsfusion.server.base.task.Task.proceed(Task.java:143)
	at lsfusion.server.base.task.Task$1.aspectRun(Task.java:101)
	at lsfusion.server.base.controller.thread.ExecutorFactory$AspectRunnable.run(ExecutorFactory.java:473)
	at java.base/java.util.concurrent.ThreadPoolExecutor.runWorker(ThreadPoolExecutor.java:1128)
	at java.base/java.util.concurrent.ThreadPoolExecutor$Worker.run(ThreadPoolExecutor.java:628)
	at java.base/java.lang.Thread.run(Thread.java:829)
	at lsfusion.server.base.controller.thread.ExecutorFactory$ClosableDaemonThreadFactory$ClosableThread.run(ExecutorFactory.java:552)
Caused by: org.postgresql.util.PSQLException: ВАЖНО: пользователь "postgres" не прошёл проверку подлинности (по паролю) (pgjdbc: autodetected server-encoding to be windows-1251, if the message is not readable, please check database logs and/or host, port, dbname, user, password, pg_hba.conf)
	at org.postgresql.core.v3.ConnectionFactoryImpl.doAuthentication(ConnectionFactoryImpl.java:520)
	at org.postgresql.core.v3.ConnectionFactoryImpl.tryConnect(ConnectionFactoryImpl.java:141)
	at org.postgresql.core.v3.ConnectionFactoryImpl.openConnectionImpl(ConnectionFactoryImpl.java:192)
	at org.postgresql.core.ConnectionFactory.openConnection(ConnectionFactory.java:49)
	at org.postgresql.jdbc.PgConnection.<init>(PgConnection.java:195)
	at org.postgresql.Driver.makeConnection(Driver.java:458)
	at org.postgresql.Driver.connect(Driver.java:260)
	at java.sql/java.sql.DriverManager.getConnection(DriverManager.java:677)
	at java.sql/java.sql.DriverManager.getConnection(DriverManager.java:251)
	at lsfusion.server.data.sql.adapter.PostgreDataAdapter.ensureDB(PostgreDataAdapter.java:74)
	at lsfusion.server.data.sql.adapter.DataAdapter.ensure(DataAdapter.java:68)
	at lsfusion.server.physics.exec.db.controller.manager.DBManager.initReflectionEvents(DBManager.java:194)
	... 8 more
27 дек. 2022 09:14:56,371 ERROR StartLogger - ВАЖНО: пользователь "postgres" не прошёл проверку подлинности (по паролю) (pgjdbc: autodetected server-encoding to be windows-1251, if the message is not readable, please check database logs and/or host, port, dbname, user, password, pg_hba.conf) (host: localhost:5432, user: postgres)
27 дек. 2022 09:14:56,383 ERROR StartLogger - Exception while starting logics instance: 
java.lang.RuntimeException: org.postgresql.util.PSQLException: ВАЖНО: пользователь "postgres" не прошёл проверку подлинности (по паролю) (pgjdbc: autodetected server-encoding to be windows-1251, if the message is not readable, please check database logs and/or host, port, dbname, user, password, pg_hba.conf)
	at lsfusion.server.physics.exec.db.controller.manager.DBManager.initReflectionEvents(DBManager.java:206)
	at lsfusion.server.physics.admin.reflection.controller.init.InitReflectionEventsTask.run(InitReflectionEventsTask.java:13)
	at lsfusion.server.base.task.Task.proceed(Task.java:143)
	at lsfusion.server.base.task.Task$1.aspectRun(Task.java:101)
	at lsfusion.server.base.controller.thread.ExecutorFactory$AspectRunnable.run(ExecutorFactory.java:473)
	at java.base/java.util.concurrent.ThreadPoolExecutor.runWorker(ThreadPoolExecutor.java:1128)
	at java.base/java.util.concurrent.ThreadPoolExecutor$Worker.run(ThreadPoolExecutor.java:628)
	at java.base/java.lang.Thread.run(Thread.java:829)
	at lsfusion.server.base.controller.thread.ExecutorFactory$ClosableDaemonThreadFactory$ClosableThread.run(ExecutorFactory.java:552)
Caused by: org.postgresql.util.PSQLException: ВАЖНО: пользователь "postgres" не прошёл проверку подлинности (по паролю) (pgjdbc: autodetected server-encoding to be windows-1251, if the message is not readable, please check database logs and/or host, port, dbname, user, password, pg_hba.conf)
	at org.postgresql.core.v3.ConnectionFactoryImpl.doAuthentication(ConnectionFactoryImpl.java:520)
	at org.postgresql.core.v3.ConnectionFactoryImpl.tryConnect(ConnectionFactoryImpl.java:141)
	at org.postgresql.core.v3.ConnectionFactoryImpl.openConnectionImpl(ConnectionFactoryImpl.java:192)
	at org.postgresql.core.ConnectionFactory.openConnection(ConnectionFactory.java:49)
	at org.postgresql.jdbc.PgConnection.<init>(PgConnection.java:195)
	at org.postgresql.Driver.makeConnection(Driver.java:458)
	at org.postgresql.Driver.connect(Driver.java:260)
	at java.sql/java.sql.DriverManager.getConnection(DriverManager.java:677)
	at java.sql/java.sql.DriverManager.getConnection(DriverManager.java:251)
	at lsfusion.server.data.sql.adapter.PostgreDataAdapter.ensureDB(PostgreDataAdapter.java:74)
	at lsfusion.server.data.sql.adapter.DataAdapter.ensure(DataAdapter.java:68)
	at lsfusion.server.physics.exec.db.controller.manager.DBManager.initReflectionEvents(DBManager.java:194)
	... 8 more
27 дек. 2022 09:20:08,085 ERROR StartLogger - ВАЖНО: пользователь "postgres" не прошёл проверку подлинности (по паролю) (pgjdbc: autodetected server-encoding to be windows-1251, if the message is not readable, please check database logs and/or host, port, dbname, user, password, pg_hba.conf) (host: localhost:5432, user: postgres)
27 дек. 2022 09:20:08,095 ERROR StartLogger - Exception while starting logics instance: 
java.lang.RuntimeException: org.postgresql.util.PSQLException: ВАЖНО: пользователь "postgres" не прошёл проверку подлинности (по паролю) (pgjdbc: autodetected server-encoding to be windows-1251, if the message is not readable, please check database logs and/or host, port, dbname, user, password, pg_hba.conf)
	at lsfusion.server.physics.exec.db.controller.manager.DBManager.initReflectionEvents(DBManager.java:206)
	at lsfusion.server.physics.admin.reflection.controller.init.InitReflectionEventsTask.run(InitReflectionEventsTask.java:13)
	at lsfusion.server.base.task.Task.proceed(Task.java:143)
	at lsfusion.server.base.task.Task$1.aspectRun(Task.java:101)
	at lsfusion.server.base.controller.thread.ExecutorFactory$AspectRunnable.run(ExecutorFactory.java:473)
	at java.base/java.util.concurrent.ThreadPoolExecutor.runWorker(ThreadPoolExecutor.java:1128)
	at java.base/java.util.concurrent.ThreadPoolExecutor$Worker.run(ThreadPoolExecutor.java:628)
	at java.base/java.lang.Thread.run(Thread.java:829)
	at lsfusion.server.base.controller.thread.ExecutorFactory$ClosableDaemonThreadFactory$ClosableThread.run(ExecutorFactory.java:552)
Caused by: org.postgresql.util.PSQLException: ВАЖНО: пользователь "postgres" не прошёл проверку подлинности (по паролю) (pgjdbc: autodetected server-encoding to be windows-1251, if the message is not readable, please check database logs and/or host, port, dbname, user, password, pg_hba.conf)
	at org.postgresql.core.v3.ConnectionFactoryImpl.doAuthentication(ConnectionFactoryImpl.java:520)
	at org.postgresql.core.v3.ConnectionFactoryImpl.tryConnect(ConnectionFactoryImpl.java:141)
	at org.postgresql.core.v3.ConnectionFactoryImpl.openConnectionImpl(ConnectionFactoryImpl.java:192)
	at org.postgresql.core.ConnectionFactory.openConnection(ConnectionFactory.java:49)
	at org.postgresql.jdbc.PgConnection.<init>(PgConnection.java:195)
	at org.postgresql.Driver.makeConnection(Driver.java:458)
	at org.postgresql.Driver.connect(Driver.java:260)
	at java.sql/java.sql.DriverManager.getConnection(DriverManager.java:677)
	at java.sql/java.sql.DriverManager.getConnection(DriverManager.java:251)
	at lsfusion.server.data.sql.adapter.PostgreDataAdapter.ensureDB(PostgreDataAdapter.java:74)
	at lsfusion.server.data.sql.adapter.DataAdapter.ensure(DataAdapter.java:68)
	at lsfusion.server.physics.exec.db.controller.manager.DBManager.initReflectionEvents(DBManager.java:194)
	... 8 more
27 дек. 2022 09:27:50,969 ERROR StartLogger - ВАЖНО: пользователь "postgres" не прошёл проверку подлинности (по паролю) (pgjdbc: autodetected server-encoding to be windows-1251, if the message is not readable, please check database logs and/or host, port, dbname, user, password, pg_hba.conf) (host: localhost:5432, user: postgres)
27 дек. 2022 09:27:50,979 ERROR StartLogger - Exception while starting logics instance: 
java.lang.RuntimeException: org.postgresql.util.PSQLException: ВАЖНО: пользователь "postgres" не прошёл проверку подлинности (по паролю) (pgjdbc: autodetected server-encoding to be windows-1251, if the message is not readable, please check database logs and/or host, port, dbname, user, password, pg_hba.conf)
	at lsfusion.server.physics.exec.db.controller.manager.DBManager.initReflectionEvents(DBManager.java:206)
	at lsfusion.server.physics.admin.reflection.controller.init.InitReflectionEventsTask.run(InitReflectionEventsTask.java:13)
	at lsfusion.server.base.task.Task.proceed(Task.java:143)
	at lsfusion.server.base.task.Task$1.aspectRun(Task.java:101)
	at lsfusion.server.base.controller.thread.ExecutorFactory$AspectRunnable.run(ExecutorFactory.java:473)
	at java.base/java.util.concurrent.ThreadPoolExecutor.runWorker(ThreadPoolExecutor.java:1128)
	at java.base/java.util.concurrent.ThreadPoolExecutor$Worker.run(ThreadPoolExecutor.java:628)
	at java.base/java.lang.Thread.run(Thread.java:829)
	at lsfusion.server.base.controller.thread.ExecutorFactory$ClosableDaemonThreadFactory$ClosableThread.run(ExecutorFactory.java:552)
Caused by: org.postgresql.util.PSQLException: ВАЖНО: пользователь "postgres" не прошёл проверку подлинности (по паролю) (pgjdbc: autodetected server-encoding to be windows-1251, if the message is not readable, please check database logs and/or host, port, dbname, user, password, pg_hba.conf)
	at org.postgresql.core.v3.ConnectionFactoryImpl.doAuthentication(ConnectionFactoryImpl.java:520)
	at org.postgresql.core.v3.ConnectionFactoryImpl.tryConnect(ConnectionFactoryImpl.java:141)
	at org.postgresql.core.v3.ConnectionFactoryImpl.openConnectionImpl(ConnectionFactoryImpl.java:192)
	at org.postgresql.core.ConnectionFactory.openConnection(ConnectionFactory.java:49)
	at org.postgresql.jdbc.PgConnection.<init>(PgConnection.java:195)
	at org.postgresql.Driver.makeConnection(Driver.java:458)
	at org.postgresql.Driver.connect(Driver.java:260)
	at java.sql/java.sql.DriverManager.getConnection(DriverManager.java:677)
	at java.sql/java.sql.DriverManager.getConnection(DriverManager.java:251)
	at lsfusion.server.data.sql.adapter.PostgreDataAdapter.ensureDB(PostgreDataAdapter.java:74)
	at lsfusion.server.data.sql.adapter.DataAdapter.ensure(DataAdapter.java:68)
	at lsfusion.server.physics.exec.db.controller.manager.DBManager.initReflectionEvents(DBManager.java:194)
	... 8 more
27 дек. 2022 10:34:41,034 ERROR StartLogger - ВАЖНО: пользователь "postgres" не прошёл проверку подлинности (по паролю) (pgjdbc: autodetected server-encoding to be windows-1251, if the message is not readable, please check database logs and/or host, port, dbname, user, password, pg_hba.conf) (host: localhost:5432, user: postgres)
27 дек. 2022 10:34:41,044 ERROR StartLogger - Exception while starting logics instance: 
java.lang.RuntimeException: org.postgresql.util.PSQLException: ВАЖНО: пользователь "postgres" не прошёл проверку подлинности (по паролю) (pgjdbc: autodetected server-encoding to be windows-1251, if the message is not readable, please check database logs and/or host, port, dbname, user, password, pg_hba.conf)
	at lsfusion.server.physics.exec.db.controller.manager.DBManager.initReflectionEvents(DBManager.java:206)
	at lsfusion.server.physics.admin.reflection.controller.init.InitReflectionEventsTask.run(InitReflectionEventsTask.java:13)
	at lsfusion.server.base.task.Task.proceed(Task.java:143)
	at lsfusion.server.base.task.Task$1.aspectRun(Task.java:101)
	at lsfusion.server.base.controller.thread.ExecutorFactory$AspectRunnable.run(ExecutorFactory.java:473)
	at java.base/java.util.concurrent.ThreadPoolExecutor.runWorker(ThreadPoolExecutor.java:1128)
	at java.base/java.util.concurrent.ThreadPoolExecutor$Worker.run(ThreadPoolExecutor.java:628)
	at java.base/java.lang.Thread.run(Thread.java:829)
	at lsfusion.server.base.controller.thread.ExecutorFactory$ClosableDaemonThreadFactory$ClosableThread.run(ExecutorFactory.java:552)
Caused by: org.postgresql.util.PSQLException: ВАЖНО: пользователь "postgres" не прошёл проверку подлинности (по паролю) (pgjdbc: autodetected server-encoding to be windows-1251, if the message is not readable, please check database logs and/or host, port, dbname, user, password, pg_hba.conf)
	at org.postgresql.core.v3.ConnectionFactoryImpl.doAuthentication(ConnectionFactoryImpl.java:520)
	at org.postgresql.core.v3.ConnectionFactoryImpl.tryConnect(ConnectionFactoryImpl.java:141)
	at org.postgresql.core.v3.ConnectionFactoryImpl.openConnectionImpl(ConnectionFactoryImpl.java:192)
	at org.postgresql.core.ConnectionFactory.openConnection(ConnectionFactory.java:49)
	at org.postgresql.jdbc.PgConnection.<init>(PgConnection.java:195)
	at org.postgresql.Driver.makeConnection(Driver.java:458)
	at org.postgresql.Driver.connect(Driver.java:260)
	at java.sql/java.sql.DriverManager.getConnection(DriverManager.java:677)
	at java.sql/java.sql.DriverManager.getConnection(DriverManager.java:251)
	at lsfusion.server.data.sql.adapter.PostgreDataAdapter.ensureDB(PostgreDataAdapter.java:74)
	at lsfusion.server.data.sql.adapter.DataAdapter.ensure(DataAdapter.java:68)
	at lsfusion.server.physics.exec.db.controller.manager.DBManager.initReflectionEvents(DBManager.java:194)
	... 8 more
27 дек. 2022 10:35:01,939 ERROR StartLogger - ВАЖНО: пользователь "postgres" не прошёл проверку подлинности (по паролю) (pgjdbc: autodetected server-encoding to be windows-1251, if the message is not readable, please check database logs and/or host, port, dbname, user, password, pg_hba.conf) (host: localhost:5432, user: postgres)
27 дек. 2022 10:35:01,950 ERROR StartLogger - Exception while starting logics instance: 
java.lang.RuntimeException: org.postgresql.util.PSQLException: ВАЖНО: пользователь "postgres" не прошёл проверку подлинности (по паролю) (pgjdbc: autodetected server-encoding to be windows-1251, if the message is not readable, please check database logs and/or host, port, dbname, user, password, pg_hba.conf)
	at lsfusion.server.physics.exec.db.controller.manager.DBManager.initReflectionEvents(DBManager.java:206)
	at lsfusion.server.physics.admin.reflection.controller.init.InitReflectionEventsTask.run(InitReflectionEventsTask.java:13)
	at lsfusion.server.base.task.Task.proceed(Task.java:143)
	at lsfusion.server.base.task.Task$1.aspectRun(Task.java:101)
	at lsfusion.server.base.controller.thread.ExecutorFactory$AspectRunnable.run(ExecutorFactory.java:473)
	at java.base/java.util.concurrent.ThreadPoolExecutor.runWorker(ThreadPoolExecutor.java:1128)
	at java.base/java.util.concurrent.ThreadPoolExecutor$Worker.run(ThreadPoolExecutor.java:628)
	at java.base/java.lang.Thread.run(Thread.java:829)
	at lsfusion.server.base.controller.thread.ExecutorFactory$ClosableDaemonThreadFactory$ClosableThread.run(ExecutorFactory.java:552)
Caused by: org.postgresql.util.PSQLException: ВАЖНО: пользователь "postgres" не прошёл проверку подлинности (по паролю) (pgjdbc: autodetected server-encoding to be windows-1251, if the message is not readable, please check database logs and/or host, port, dbname, user, password, pg_hba.conf)
	at org.postgresql.core.v3.ConnectionFactoryImpl.doAuthentication(ConnectionFactoryImpl.java:520)
	at org.postgresql.core.v3.ConnectionFactoryImpl.tryConnect(ConnectionFactoryImpl.java:141)
	at org.postgresql.core.v3.ConnectionFactoryImpl.openConnectionImpl(ConnectionFactoryImpl.java:192)
	at org.postgresql.core.ConnectionFactory.openConnection(ConnectionFactory.java:49)
	at org.postgresql.jdbc.PgConnection.<init>(PgConnection.java:195)
	at org.postgresql.Driver.makeConnection(Driver.java:458)
	at org.postgresql.Driver.connect(Driver.java:260)
	at java.sql/java.sql.DriverManager.getConnection(DriverManager.java:677)
	at java.sql/java.sql.DriverManager.getConnection(DriverManager.java:251)
	at lsfusion.server.data.sql.adapter.PostgreDataAdapter.ensureDB(PostgreDataAdapter.java:74)
	at lsfusion.server.data.sql.adapter.DataAdapter.ensure(DataAdapter.java:68)
	at lsfusion.server.physics.exec.db.controller.manager.DBManager.initReflectionEvents(DBManager.java:194)
	... 8 more
27 дек. 2022 10:47:29,988 ERROR SystemLogger - Thread 'Thread[RMI:HockeyStats.MainForm - 63,5,RMI Runtime]' was forcefully stopped.
27 дек. 2022 10:47:29,991 ERROR SystemLogger - Thread 'Thread[RMI:HockeyStats.MainForm - 80,5,RMI Runtime]' was forcefully stopped.
27 дек. 2022 10:47:29,990 ERROR SystemLogger - Thread 'Thread[RMI:HockeyStats.MainForm - 105,5,RMI Runtime]' was forcefully stopped.
27 дек. 2022 10:47:30,003 ERROR SystemLogger - Thread 'Thread[RMI:HockeyStats.MainForm - 104,5,RMI Runtime]' was forcefully stopped.
27 дек. 2022 10:47:30,004 ERROR SystemLogger - Thread 'Thread[RMI:HockeyStats.MainForm - 108,5,RMI Runtime]' was forcefully stopped.
